  [1m[35m (19.9ms)[0m  [1m[34mSELECT sqlite_version(*)[0m
  [1m[35m (134.8ms)[0m  [1m[35mCREATE TABLE "schema_migrations" ("version" varchar NOT NULL PRIMARY KEY)[0m
  [1m[35m (128.0ms)[0m  [1m[35mCREATE TABLE "ar_internal_metadata" ("key" varchar NOT NULL PRIMARY KEY, "value" varchar, "created_at" datetime NOT NULL, "updated_at" datetime NOT NULL)[0m
  [1m[35m (0.9ms)[0m  [1m[34mSELECT "schema_migrations"."version" FROM "schema_migrations" ORDER BY "schema_migrations"."version" ASC[0m
Migrating to CreateUsers (20171129143617)
  [1m[35m (0.4ms)[0m  [1m[36mbegin transaction[0m
  [1m[35m (4.7ms)[0m  [1m[35mCREATE TABLE "users" ("id" INTEGER PRIMARY KEY AUTOINCREMENT NOT NULL, "latitude" float, "longitude" float, "address" varchar, "description" varchar, "title" varchar, "created_at" datetime NOT NULL, "updated_at" datetime NOT NULL)[0m
  [1m[35mSQL (1.0ms)[0m  [1m[32mINSERT INTO "schema_migrations" ("version") VALUES (?)[0m  [["version", "20171129143617"]]
  [1m[35m (133.1ms)[0m  [1m[36mcommit transaction[0m
  [1m[36mActiveRecord::InternalMetadata Load (1.0ms)[0m  [1m[34mSELECT  "ar_internal_metadata".* FROM "ar_internal_metadata" WHERE "ar_internal_metadata"."key" = ? LIMIT ?[0m  [["key", "environment"], ["LIMIT", 1]]
  [1m[35m (1.5ms)[0m  [1m[36mbegin transaction[0m
  [1m[35mSQL (4.9ms)[0m  [1m[32mINSERT INTO "ar_internal_metadata" ("key", "value", "created_at", "updated_at") VALUES (?, ?, ?, ?)[0m  [["key", "environment"], ["value", "development"], ["created_at", "2017-11-29 14:36:46.519434"], ["updated_at", "2017-11-29 14:36:46.519434"]]
  [1m[35m (118.2ms)[0m  [1m[36mcommit transaction[0m
  [1m[35m (0.7ms)[0m  [1m[34mSELECT "schema_migrations"."version" FROM "schema_migrations" ORDER BY "schema_migrations"."version" ASC[0m
Started GET "/" for 127.0.0.1 at 2017-11-29 15:39:56 +0100
  [1m[35m (1.2ms)[0m  [1m[34mSELECT "schema_migrations"."version" FROM "schema_migrations" ORDER BY "schema_migrations"."version" ASC[0m
Processing by UsersController#index as HTML
  Rendering users/index.html.erb within layouts/application
  [1m[36mUser Load (0.9ms)[0m  [1m[34mSELECT "users".* FROM "users"[0m
  Rendered users/index.html.erb within layouts/application (34.8ms)
Completed 200 OK in 4384ms (Views: 4308.3ms | ActiveRecord: 5.6ms)


Started GET "/users/new" for 127.0.0.1 at 2017-11-29 15:40:08 +0100
Processing by UsersController#new as HTML
  Rendering users/new.html.erb within layouts/application
  Rendered users/_form.html.erb (177.4ms)
  Rendered users/new.html.erb within layouts/application (185.3ms)
Completed 200 OK in 429ms (Views: 346.1ms | ActiveRecord: 3.7ms)


Started POST "/users" for 127.0.0.1 at 2017-11-29 15:40:25 +0100
Processing by UsersController#create as HTML
  Parameters: {"utf8"=>"✓", "authenticity_token"=>"bwkk0gQzm+iH6sTUvfHZJHi0803tGNR1g1FjTrSNdQjVFuzSvbUNoTDibLcWz1GCOxv9Pit2zbmCKHz2X8u9Gw==", "user"=>{"latitude"=>"", "longitude"=>"", "address"=>"algerie", "description"=>"", "title"=>""}, "commit"=>"Create User"}
  [1m[35m (0.4ms)[0m  [1m[36mbegin transaction[0m
  [1m[35mSQL (3.0ms)[0m  [1m[32mINSERT INTO "users" ("latitude", "longitude", "address", "description", "title", "created_at", "updated_at") VALUES (?, ?, ?, ?, ?, ?, ?)[0m  [["latitude", 28.033886], ["longitude", 1.659626], ["address", "algerie"], ["description", ""], ["title", ""], ["created_at", "2017-11-29 14:40:26.053445"], ["updated_at", "2017-11-29 14:40:26.053445"]]
  [1m[35m (184.6ms)[0m  [1m[36mcommit transaction[0m
Redirected to http://localhost:3000/users/1
Completed 302 Found in 720ms (ActiveRecord: 188.0ms)


Started GET "/users/1" for 127.0.0.1 at 2017-11-29 15:40:26 +0100
Processing by UsersController#show as HTML
  Parameters: {"id"=>"1"}
  [1m[36mUser Load (2.0ms)[0m  [1m[34mSELECT  "users".* FROM "users" WHERE "users"."id" = ? LIMIT ?[0m  [["id", 1], ["LIMIT", 1]]
  Rendering users/show.html.erb within layouts/application
  Rendered users/show.html.erb within layouts/application (8.0ms)
Completed 200 OK in 220ms (Views: 155.3ms | ActiveRecord: 2.0ms)


Started GET "/users" for 127.0.0.1 at 2017-11-29 15:40:31 +0100
Processing by UsersController#index as HTML
  Rendering users/index.html.erb within layouts/application
  [1m[36mUser Load (0.9ms)[0m  [1m[34mSELECT "users".* FROM "users"[0m
  Rendered users/index.html.erb within layouts/application (12.9ms)
Completed 200 OK in 207ms (Views: 185.7ms | ActiveRecord: 0.9ms)


Started GET "/users/1" for 127.0.0.1 at 2017-11-29 15:40:33 +0100
Processing by UsersController#show as HTML
  Parameters: {"id"=>"1"}
  [1m[36mUser Load (0.8ms)[0m  [1m[34mSELECT  "users".* FROM "users" WHERE "users"."id" = ? LIMIT ?[0m  [["id", 1], ["LIMIT", 1]]
  Rendering users/show.html.erb within layouts/application
  Rendered users/show.html.erb within layouts/application (5.8ms)
Completed 200 OK in 161ms (Views: 149.4ms | ActiveRecord: 0.8ms)


Started GET "/users/1" for 127.0.0.1 at 2017-11-29 15:52:36 +0100
  [1m[35m (0.9ms)[0m  [1m[34mSELECT "schema_migrations"."version" FROM "schema_migrations" ORDER BY "schema_migrations"."version" ASC[0m
Processing by UsersController#show as HTML
  Parameters: {"id"=>"1"}
  [1m[36mUser Load (1.1ms)[0m  [1m[34mSELECT  "users".* FROM "users" WHERE "users"."id" = ? LIMIT ?[0m  [["id", 1], ["LIMIT", 1]]
  Rendering users/show.html.erb within layouts/application
  Rendered users/show.html.erb within layouts/application (10.3ms)
Started GET "/users" for 127.0.0.1 at 2017-11-29 15:52:49 +0100
Processing by UsersController#index as HTML
  [1m[36mUser Load (0.9ms)[0m  [1m[34mSELECT "users".* FROM "users"[0m
  Rendering users/index.html.erb within layouts/application
  Rendered users/index.html.erb within layouts/application (26.9ms)
Completed 200 OK in 36440ms (Views: 36155.2ms | ActiveRecord: 5.6ms)


Completed 200 OK in 24760ms (Views: 24642.7ms | ActiveRecord: 2.4ms)


Started GET "/" for 127.0.0.1 at 2017-11-29 15:53:22 +0100
Processing by UsersController#index as HTML
  [1m[36mUser Load (3.6ms)[0m  [1m[34mSELECT "users".* FROM "users"[0m
  Rendering users/index.html.erb within layouts/application
  Rendered users/index.html.erb within layouts/application (11.6ms)
Completed 200 OK in 508ms (Views: 479.9ms | ActiveRecord: 3.6ms)


Started DELETE "/users/1" for 127.0.0.1 at 2017-11-29 15:53:57 +0100
Processing by UsersController#destroy as HTML
  Parameters: {"authenticity_token"=>"gOdhBU8hfW0tpLCItsjyaIMtbn+WEimHXU61uKm6VnUuxtV3X/wSrukjzut6fLwXcK8AogPtQ4uMHyqpfOHZ/g==", "id"=>"1"}
  [1m[36mUser Load (0.9ms)[0m  [1m[34mSELECT  "users".* FROM "users" WHERE "users"."id" = ? LIMIT ?[0m  [["id", 1], ["LIMIT", 1]]
  [1m[35m (0.4ms)[0m  [1m[36mbegin transaction[0m
  [1m[35mSQL (2.1ms)[0m  [1m[31mDELETE FROM "users" WHERE "users"."id" = ?[0m  [["id", 1]]
  [1m[35m (289.3ms)[0m  [1m[36mcommit transaction[0m
Redirected to http://localhost:3000/users
Completed 302 Found in 320ms (ActiveRecord: 292.8ms)


Started GET "/users" for 127.0.0.1 at 2017-11-29 15:53:57 +0100
Processing by UsersController#index as HTML
  [1m[36mUser Load (0.8ms)[0m  [1m[34mSELECT "users".* FROM "users"[0m
  Rendering users/index.html.erb within layouts/application
  Rendered users/index.html.erb within layouts/application (4.4ms)
Completed 200 OK in 358ms (Views: 346.2ms | ActiveRecord: 0.8ms)


Started GET "/users/new" for 127.0.0.1 at 2017-11-29 15:54:04 +0100
Processing by UsersController#new as HTML
  Rendering users/new.html.erb within layouts/application
  Rendered users/_form.html.erb (197.4ms)
  Rendered users/new.html.erb within layouts/application (203.1ms)
Completed 200 OK in 554ms (Views: 542.7ms | ActiveRecord: 0.0ms)


Started POST "/users" for 127.0.0.1 at 2017-11-29 15:54:12 +0100
Processing by UsersController#create as HTML
  Parameters: {"utf8"=>"✓", "authenticity_token"=>"0e2lQUlBK+6QgIMwGkh3qMNNmuQ03eocrk9JVs4HlrNr8m1B8Me9pyeIK1Oxdv8OgOKUl/Kz89CvNlbuJUFeoA==", "user"=>{"latitude"=>"1", "longitude"=>"2", "address"=>"", "description"=>"", "title"=>""}, "commit"=>"Create User"}
  [1m[35m (0.3ms)[0m  [1m[36mbegin transaction[0m
  [1m[35mSQL (9.9ms)[0m  [1m[32mINSERT INTO "users" ("latitude", "longitude", "address", "description", "title", "created_at", "updated_at") VALUES (?, ?, ?, ?, ?, ?, ?)[0m  [["latitude", 1.0], ["longitude", 2.0], ["address", ""], ["description", ""], ["title", ""], ["created_at", "2017-11-29 14:54:12.711769"], ["updated_at", "2017-11-29 14:54:12.711769"]]
  [1m[35m (234.1ms)[0m  [1m[36mcommit transaction[0m
Redirected to http://localhost:3000/users/2
Completed 302 Found in 279ms (ActiveRecord: 244.4ms)


Started GET "/users/2" for 127.0.0.1 at 2017-11-29 15:54:13 +0100
Processing by UsersController#show as HTML
  Parameters: {"id"=>"2"}
  [1m[36mUser Load (1.0ms)[0m  [1m[34mSELECT  "users".* FROM "users" WHERE "users"."id" = ? LIMIT ?[0m  [["id", 2], ["LIMIT", 1]]
  Rendering users/show.html.erb within layouts/application
  Rendered users/show.html.erb within layouts/application (4.2ms)
Completed 200 OK in 385ms (Views: 375.5ms | ActiveRecord: 1.0ms)


Started GET "/users" for 127.0.0.1 at 2017-11-29 15:54:23 +0100
Processing by UsersController#index as HTML
  [1m[36mUser Load (0.9ms)[0m  [1m[34mSELECT "users".* FROM "users"[0m
  Rendering users/index.html.erb within layouts/application
  Rendered users/index.html.erb within layouts/application (6.8ms)
Completed 200 OK in 412ms (Views: 390.4ms | ActiveRecord: 0.9ms)


Started GET "/users/2" for 127.0.0.1 at 2017-11-29 15:54:26 +0100
Processing by UsersController#show as HTML
  Parameters: {"id"=>"2"}
  [1m[36mUser Load (0.7ms)[0m  [1m[34mSELECT  "users".* FROM "users" WHERE "users"."id" = ? LIMIT ?[0m  [["id", 2], ["LIMIT", 1]]
  Rendering users/show.html.erb within layouts/application
  Rendered users/show.html.erb within layouts/application (5.8ms)
Completed 200 OK in 408ms (Views: 397.8ms | ActiveRecord: 0.7ms)


Started GET "/users/2/edit" for 127.0.0.1 at 2017-11-29 15:54:28 +0100
Processing by UsersController#edit as HTML
  Parameters: {"id"=>"2"}
  [1m[36mUser Load (0.6ms)[0m  [1m[34mSELECT  "users".* FROM "users" WHERE "users"."id" = ? LIMIT ?[0m  [["id", 2], ["LIMIT", 1]]
  Rendering users/edit.html.erb within layouts/application
  Rendered users/_form.html.erb (22.7ms)
  Rendered users/edit.html.erb within layouts/application (29.5ms)
Completed 200 OK in 419ms (Views: 399.7ms | ActiveRecord: 0.6ms)


Started PATCH "/users/2" for 127.0.0.1 at 2017-11-29 15:54:51 +0100
Processing by UsersController#update as HTML
  Parameters: {"utf8"=>"✓", "authenticity_token"=>"EgkCoTKd1mxzQPx4zomnzqmjoPxp6q+Q0wkMDQnYZ2JI5R2wfAY7i8z/IkNGDUE0cOvA/jq3YXABVG6u1P7oTQ==", "user"=>{"latitude"=>"", "longitude"=>"", "address"=>"New York ", "description"=>"", "title"=>""}, "commit"=>"Update User", "id"=>"2"}
  [1m[36mUser Load (0.5ms)[0m  [1m[34mSELECT  "users".* FROM "users" WHERE "users"."id" = ? LIMIT ?[0m  [["id", 2], ["LIMIT", 1]]
  [1m[35m (0.4ms)[0m  [1m[36mbegin transaction[0m
  [1m[35mSQL (6.6ms)[0m  [1m[33mUPDATE "users" SET "latitude" = ?, "longitude" = ?, "address" = ?, "updated_at" = ? WHERE "users"."id" = ?[0m  [["latitude", 40.7127753], ["longitude", -74.0059728], ["address", "New York "], ["updated_at", "2017-11-29 14:54:52.303818"], ["id", 2]]
  [1m[35m (253.4ms)[0m  [1m[36mcommit transaction[0m
Redirected to http://localhost:3000/users/2
Completed 302 Found in 1165ms (ActiveRecord: 260.8ms)


Started GET "/users/2" for 127.0.0.1 at 2017-11-29 15:54:52 +0100
Processing by UsersController#show as HTML
  Parameters: {"id"=>"2"}
  [1m[36mUser Load (0.7ms)[0m  [1m[34mSELECT  "users".* FROM "users" WHERE "users"."id" = ? LIMIT ?[0m  [["id", 2], ["LIMIT", 1]]
  Rendering users/show.html.erb within layouts/application
  Rendered users/show.html.erb within layouts/application (4.5ms)
Completed 200 OK in 360ms (Views: 350.4ms | ActiveRecord: 0.7ms)


Started GET "/users" for 127.0.0.1 at 2017-11-29 15:54:58 +0100
Processing by UsersController#index as HTML
  [1m[36mUser Load (1.0ms)[0m  [1m[34mSELECT "users".* FROM "users"[0m
  Rendering users/index.html.erb within layouts/application
  Rendered users/index.html.erb within layouts/application (8.4ms)
Completed 200 OK in 403ms (Views: 386.7ms | ActiveRecord: 1.0ms)


Started GET "/users/new" for 127.0.0.1 at 2017-11-29 15:55:01 +0100
Processing by UsersController#new as HTML
  Rendering users/new.html.erb within layouts/application
  Rendered users/_form.html.erb (20.3ms)
  Rendered users/new.html.erb within layouts/application (28.4ms)
Completed 200 OK in 370ms (Views: 363.7ms | ActiveRecord: 0.0ms)


Started POST "/users" for 127.0.0.1 at 2017-11-29 15:55:08 +0100
Processing by UsersController#create as HTML
  Parameters: {"utf8"=>"✓", "authenticity_token"=>"mjFhxs2reXdYdejJgryz4aAwoAsVhaHdfGxu0NdoeLkgLqnGdC3vPu99QKopgjtH45+ueNPruBF9FXFoPC6wqg==", "user"=>{"latitude"=>"", "longitude"=>"", "address"=>"Londres", "description"=>"", "title"=>""}, "commit"=>"Create User"}
  [1m[35m (4.3ms)[0m  [1m[36mbegin transaction[0m
  [1m[35mSQL (8.0ms)[0m  [1m[32mINSERT INTO "users" ("latitude", "longitude", "address", "description", "title", "created_at", "updated_at") VALUES (?, ?, ?, ?, ?, ?, ?)[0m  [["latitude", 51.5073509], ["longitude", -0.1277583], ["address", "Londres"], ["description", ""], ["title", ""], ["created_at", "2017-11-29 14:55:09.130370"], ["updated_at", "2017-11-29 14:55:09.130370"]]
  [1m[35m (107.3ms)[0m  [1m[36mcommit transaction[0m
Redirected to http://localhost:3000/users/3
Completed 302 Found in 724ms (ActiveRecord: 119.6ms)


Started GET "/users/3" for 127.0.0.1 at 2017-11-29 15:55:09 +0100
Processing by UsersController#show as HTML
  Parameters: {"id"=>"3"}
  [1m[36mUser Load (0.6ms)[0m  [1m[34mSELECT  "users".* FROM "users" WHERE "users"."id" = ? LIMIT ?[0m  [["id", 3], ["LIMIT", 1]]
  Rendering users/show.html.erb within layouts/application
  Rendered users/show.html.erb within layouts/application (7.2ms)
Completed 200 OK in 366ms (Views: 355.7ms | ActiveRecord: 0.6ms)


Started GET "/users" for 127.0.0.1 at 2017-11-29 15:55:13 +0100
Processing by UsersController#index as HTML
  [1m[36mUser Load (1.1ms)[0m  [1m[34mSELECT "users".* FROM "users"[0m
  Rendering users/index.html.erb within layouts/application
  Rendered users/index.html.erb within layouts/application (13.2ms)
Completed 200 OK in 472ms (Views: 459.9ms | ActiveRecord: 1.1ms)


Started GET "/" for 127.0.0.1 at 2017-11-29 15:55:31 +0100
Processing by UsersController#index as HTML
  [1m[36mUser Load (0.9ms)[0m  [1m[34mSELECT "users".* FROM "users"[0m
  Rendering users/index.html.erb within layouts/application
  Rendered users/index.html.erb within layouts/application (15.7ms)
Completed 200 OK in 411ms (Views: 400.0ms | ActiveRecord: 0.9ms)


Started GET "/" for 127.0.0.1 at 2017-11-29 15:59:16 +0100
  [1m[35m (1.1ms)[0m  [1m[34mSELECT "schema_migrations"."version" FROM "schema_migrations" ORDER BY "schema_migrations"."version" ASC[0m
Processing by UsersController#index as HTML
  [1m[36mUser Load (1.5ms)[0m  [1m[34mSELECT "users".* FROM "users"[0m
  Rendering users/index.html.erb within layouts/application
  Rendered users/index.html.erb within layouts/application (18.7ms)
Completed 200 OK in 2014ms (Views: 1834.5ms | ActiveRecord: 6.4ms)


